[debug] > Exec(early(addDefaultCommands), None, None)
[debug] > Exec(addDefaultCommands, None, None)
[debug] > Exec(early(initialize), None, None)
[debug] > Exec(initialize, None, None)
[debug] > Exec(boot, None, None)
[debug] > Exec(writeSbtVersion, None, None)
[debug] > Exec(reload, None, None)
[debug] > Exec(sbtStashOnFailure, None, None)
[debug] > Exec(onFailure loadFailed, None, None)
[debug] > Exec(loadp, None, None)
[info] welcome to sbt 1.9.7 (Private Build Java 17.0.10)
[debug] Load.defaultLoad until apply took 152.784126ms
[debug]           Load.loadUnit: plugins took 75.943087ms
[debug]           Load.loadUnit: defsScala took 0.358845ms
[debug] [Loading] Scanning directory /home/cosmin/Desktop/Facultate/pp/teme/tema1/project
[debug] [Loading] Found non-root projects 
[debug] [Loading] Done in /home/cosmin/Desktop/Facultate/pp/teme/tema1/project, returning: ()
[debug] deducing auto plugins based on known facts Set(Atom(sbt.plugins.CorePlugin)) and clauses Clauses(Clause(Atom(sbt.plugins.JvmPlugin),Set(Atom(sbt.plugins.IvyPlugin)))
[debug] Clause(Atom(sbt.ScriptedPlugin),Set(Atom(sbt.plugins.JvmPlugin)))
[debug] Clause(Atom(sbt.plugins.SbtPlugin),Set(Atom(sbt.ScriptedPlugin)))
[debug] Clause(Atom(sbt.plugins.SemanticdbPlugin),Set(Atom(sbt.plugins.JvmPlugin)))
[debug] Clause(Atom(sbt.plugins.JUnitXmlReportPlugin),Set(Atom(sbt.plugins.JvmPlugin)))
[debug] Clause(Atom(sbt.plugins.MiniDependencyTreePlugin),Set(Atom(sbt.plugins.JvmPlugin)))
[debug] Clause(Atom(sbt.plugins.CorePlugin),Set(Atom(sbt.plugins.IvyPlugin)))
[debug] Clause(Atom(sbt.plugins.IvyPlugin),Set(Atom(sbt.plugins.JvmPlugin)))
[debug] Clause(Atom(sbt.plugins.JvmPlugin),Set(Atom(sbt.plugins.SemanticdbPlugin)))
[debug] Clause(Atom(sbt.plugins.JvmPlugin),Set(Atom(sbt.plugins.JUnitXmlReportPlugin)))
[debug] Clause(Atom(sbt.plugins.CorePlugin),Set(Atom(sbt.plugins.Giter8TemplatePlugin)))
[debug] Clause(Atom(sbt.plugins.JvmPlugin),Set(Atom(sbt.plugins.MiniDependencyTreePlugin))))
[debug]   :: deduced result: Matched(sbt.plugins.CorePlugin,sbt.plugins.Giter8TemplatePlugin,sbt.plugins.IvyPlugin,sbt.plugins.JvmPlugin,sbt.plugins.MiniDependencyTreePlugin,sbt.plugins.JUnitXmlReportPlugin,sbt.plugins.SemanticdbPlugin)
[debug] Plugins.deducer#function took 27.392658 ms
[debug]               Load.resolveProject(tema1-build) took 48.909974ms
[debug]             Load.loadTransitive: finalizeProject(Project(id tema1-build, base: /home/cosmin/Desktop/Facultate/pp/teme/tema1/project, plugins: List(<none>))) took 101.836738ms
[debug] [Loading] Done in /home/cosmin/Desktop/Facultate/pp/teme/tema1/project, returning: (tema1-build)
[debug]           Load.loadUnit: loadedProjectsRaw took 134.567867ms
[debug]           Load.loadUnit: cleanEvalClasses took 0.332305ms
[debug]         Load.loadUnit(file:/home/cosmin/Desktop/Facultate/pp/teme/tema1/project/, ...) took 219.215994ms
[debug]       Load.apply: load took 418.51942ms
[debug]       Load.apply: resolveProjects took 8.185419ms
[debug]       Load.apply: finalTransforms took 74.231622ms
[debug]       Load.apply: config.delegates took 11.73134ms
[debug]       Load.apply: Def.make(settings)... took 581.998582ms
[debug]       Load.apply: structureIndex took 99.423367ms
[debug]       Load.apply: mkStreams took 1.88516ms
[info] loading project definition from /home/cosmin/Desktop/Facultate/pp/teme/tema1/project
[debug] Running task... Cancel: Signal, check cycles: false, forcegc: true
[debug]     Load.loadUnit: plugins took 1964.821398ms
[debug]     Load.loadUnit: defsScala took 0.007682ms
[debug] [Loading] Scanning directory /home/cosmin/Desktop/Facultate/pp/teme/tema1
[debug]       Load.loadUnit: mkEval took 4.771219ms
